<?xml version="1.0" encoding="UTF-8"?>
<!-- Generated by org.testng.reporters.JUnitReportReporter -->
<testsuite hostname="NOICLT66" name="com.excelsoft.testautomation.TC_ABMS_InsertGradeintable" tests="1" failures="0" timestamp="5 Jan 2016 05:48:54 GMT" time="4.263" errors="0">
  <testcase name="insertdata" time="4.263" classname="com.excelsoft.testautomation.TC_ABMS_InsertGradeintable"/>
</testsuite> <!-- com.excelsoft.testautomation.TC_ABMS_InsertGradeintable -->
