<?xml version="1.0" encoding="UTF-8"?>
<!-- Generated by org.testng.reporters.JUnitReportReporter -->
<testsuite hostname="NOICLT66" name="com.excelsoft.testautomation.TC_ABMS_centeradmin_Assessment_create" tests="1" failures="0" timestamp="8 Dec 2015 07:12:09 GMT" time="92.098" errors="0">
  <testcase name="tc_createBooking" time="92.098" classname="com.excelsoft.testautomation.TC_ABMS_centeradmin_Assessment_create"/>
</testsuite> <!-- com.excelsoft.testautomation.TC_ABMS_centeradmin_Assessment_create -->
