<?xml version="1.0" encoding="UTF-8"?>
<!-- Generated by org.testng.reporters.JUnitReportReporter -->
<testsuite hostname="NOICLT66" name="com.excelsoft.testautomation.TC_ABMS_login" tests="1" failures="0" timestamp="3 Dec 2015 07:57:26 GMT" time="0.005" errors="0">
  <testcase name="test" time="0.005" classname="com.excelsoft.testautomation.TC_ABMS_login"/>
</testsuite> <!-- com.excelsoft.testautomation.TC_ABMS_login -->
