<?xml version="1.0" encoding="UTF-8"?>
<!-- Generated by org.testng.reporters.JUnitReportReporter -->
<testsuite hostname="NOICLT66" name="com.excelsoft.testautomation.TC_ABMS_GenerateFinalResult" tests="1" failures="0" timestamp="23 Dec 2015 10:57:58 GMT" time="63.321" errors="0">
  <testcase name="generateFinalResult" time="63.321" classname="com.excelsoft.testautomation.TC_ABMS_GenerateFinalResult"/>
</testsuite> <!-- com.excelsoft.testautomation.TC_ABMS_GenerateFinalResult -->
