<?xml version="1.0" encoding="UTF-8"?>
<!-- Generated by org.testng.reporters.JUnitReportReporter -->
<testsuite hostname="NOICLT66" name="com.excelsoft.testautomation.TC_ABMS_GenerateProvisonalResult" tests="2" failures="0" timestamp="5 Jan 2016 05:48:54 GMT" time="89.030" errors="0">
  <testcase name="generateProvisonalResult" time="44.898" classname="com.excelsoft.testautomation.TC_ABMS_GenerateProvisonalResult"/>
  <testcase name="generateProvisonalResult" time="44.132" classname="com.excelsoft.testautomation.TC_ABMS_GenerateProvisonalResult"/>
</testsuite> <!-- com.excelsoft.testautomation.TC_ABMS_GenerateProvisonalResult -->
