<?xml version="1.0" encoding="UTF-8"?>
<!-- Generated by org.testng.reporters.JUnitReportReporter -->
<testsuite hostname="NOICLT66" name="com.excelsoft.testautomation.TC_ABMS_ResitCapstoneBooking" tests="1" failures="0" timestamp="5 Jan 2016 05:48:54 GMT" time="67.691" errors="0">
  <testcase name="resitcapstoneBooking" time="67.691" classname="com.excelsoft.testautomation.TC_ABMS_ResitCapstoneBooking"/>
</testsuite> <!-- com.excelsoft.testautomation.TC_ABMS_ResitCapstoneBooking -->
