<?xml version="1.0" encoding="UTF-8"?>
<!-- Generated by org.testng.reporters.JUnitReportReporter -->
<testsuite hostname="NOICLT66" name="com.excelsoft.testautomation.TC_ABMS_centeradmin_Traineee" tests="1" failures="0" timestamp="4 Dec 2015 09:33:07 GMT" time="74.067" errors="0">
  <testcase name="createTrainee" time="74.067" classname="com.excelsoft.testautomation.TC_ABMS_centeradmin_Traineee"/>
</testsuite> <!-- com.excelsoft.testautomation.TC_ABMS_centeradmin_Traineee -->
