<?xml version="1.0" encoding="UTF-8"?>
<!-- Generated by org.testng.reporters.JUnitReportReporter -->
<testsuite hostname="NOICLT66" name="com.excelsoft.testautomation.TC_ABMS_centeradmin_Malpractice_Create" tests="1" failures="0" timestamp="30 Dec 2015 11:32:18 GMT" time="59.650" errors="0">
  <testcase name="generateProvisonalResult" time="59.650" classname="com.excelsoft.testautomation.TC_ABMS_centeradmin_Malpractice_Create"/>
</testsuite> <!-- com.excelsoft.testautomation.TC_ABMS_centeradmin_Malpractice_Create -->
