<?xml version="1.0" encoding="UTF-8"?>
<!-- Generated by org.testng.reporters.JUnitReportReporter -->
<testsuite hostname="NOICLT66" name="com.excelsoft.testautomation.TC_ABMS_admin_ImportTrainee" tests="1" failures="0" timestamp="5 Jan 2016 05:48:54 GMT" time="15.437" errors="0">
  <testcase name="tc_abms_importTrainee" time="15.437" classname="com.excelsoft.testautomation.TC_ABMS_admin_ImportTrainee"/>
</testsuite> <!-- com.excelsoft.testautomation.TC_ABMS_admin_ImportTrainee -->
