<?xml version="1.0" encoding="UTF-8"?>
<!-- Generated by org.testng.reporters.JUnitReportReporter -->
<testsuite hostname="NOICLT66" name="com.excelsoft.testautomation.TC_ABMS_admin_CreateIntake" tests="1" failures="0" timestamp="30 Dec 2015 12:51:04 GMT" time="50.762" errors="0">
  <testcase name="createIntake" time="50.762" classname="com.excelsoft.testautomation.TC_ABMS_admin_CreateIntake"/>
</testsuite> <!-- com.excelsoft.testautomation.TC_ABMS_admin_CreateIntake -->
