<?xml version="1.0" encoding="UTF-8"?>
<!-- Generated by org.testng.reporters.JUnitReportReporter -->
<testsuite hostname="NOICLT66" name="com.excelsoft.testautomation.Fetchdatafrompropertyfile" tests="1" failures="0" timestamp="6 Jan 2016 13:09:22 GMT" time="26.068" errors="0">
  <testcase name="fetchData" time="26.068" classname="com.excelsoft.testautomation.Fetchdatafrompropertyfile"/>
</testsuite> <!-- com.excelsoft.testautomation.Fetchdatafrompropertyfile -->
